[debug] [2023-03-19T23:10:40.995Z] ----------------------------------------------------------------------
[debug] [2023-03-19T23:10:40.998Z] Command:       C:\Program Files\nodejs\node.exe C:\Users\bbbbb\AppData\Roaming\npm\node_modules\firebase-tools\lib\bin\firebase.js deploy --debug
[debug] [2023-03-19T23:10:40.999Z] CLI Version:   11.24.1
[debug] [2023-03-19T23:10:40.999Z] Platform:      win32
[debug] [2023-03-19T23:10:40.999Z] Node Version:  v18.12.1
[debug] [2023-03-19T23:10:41.001Z] Time:          Mon Mar 20 2023 00:10:41 GMT+0100 (Central European Standard Time)
[debug] [2023-03-19T23:10:41.001Z] ----------------------------------------------------------------------
[debug] 
[debug] [2023-03-19T23:10:41.006Z] >>> [apiv2][query] GET https://firebase-public.firebaseio.com/cli.json [none]
[debug] [2023-03-19T23:10:41.173Z] > command requires scopes: ["email","openid","https://www.googleapis.com/auth/cloudplatformprojects.readonly","https://www.googleapis.com/auth/firebase","https://www.googleapis.com/auth/cloud-platform"]
[debug] [2023-03-19T23:10:41.175Z] > authorizing via signed-in user (ngocminhk62@gmail.com)
[debug] [2023-03-19T23:10:41.175Z] [iam] checking project insa-challenge-ui for permissions ["firebase.projects.get","firebasehosting.sites.update"]
[debug] [2023-03-19T23:10:41.177Z] > refreshing access token with scopes: []
[debug] [2023-03-19T23:10:41.179Z] >>> [apiv2][query] POST https://www.googleapis.com/oauth2/v3/token [none]
[debug] [2023-03-19T23:10:41.180Z] >>> [apiv2][body] POST https://www.googleapis.com/oauth2/v3/token [omitted]
[debug] [2023-03-19T23:10:41.320Z] <<< [apiv2][status] POST https://www.googleapis.com/oauth2/v3/token 200
[debug] [2023-03-19T23:10:41.321Z] <<< [apiv2][body] POST https://www.googleapis.com/oauth2/v3/token [omitted]
[debug] [2023-03-19T23:10:41.339Z] >>> [apiv2][query] POST https://cloudresourcemanager.googleapis.com/v1/projects/insa-challenge-ui:testIamPermissions [none]
[debug] [2023-03-19T23:10:41.340Z] >>> [apiv2][(partial)header] POST https://cloudresourcemanager.googleapis.com/v1/projects/insa-challenge-ui:testIamPermissions x-goog-quota-user=projects/insa-challenge-ui
[debug] [2023-03-19T23:10:41.342Z] >>> [apiv2][body] POST https://cloudresourcemanager.googleapis.com/v1/projects/insa-challenge-ui:testIamPermissions {"permissions":["firebase.projects.get","firebasehosting.sites.update"]}
[debug] [2023-03-19T23:10:41.463Z] <<< [apiv2][status] GET https://firebase-public.firebaseio.com/cli.json 200
[debug] [2023-03-19T23:10:41.464Z] <<< [apiv2][body] GET https://firebase-public.firebaseio.com/cli.json {"cloudBuildErrorAfter":1594252800000,"cloudBuildWarnAfter":1590019200000,"defaultNode10After":1594252800000,"minVersion":"3.0.5","node8DeploysDisabledAfter":1613390400000,"node8RuntimeDisabledAfter":1615809600000,"node8WarnAfter":1600128000000}
[debug] [2023-03-19T23:10:42.008Z] <<< [apiv2][status] POST https://cloudresourcemanager.googleapis.com/v1/projects/insa-challenge-ui:testIamPermissions 200
[debug] [2023-03-19T23:10:42.010Z] <<< [apiv2][body] POST https://cloudresourcemanager.googleapis.com/v1/projects/insa-challenge-ui:testIamPermissions {"permissions":["firebase.projects.get","firebasehosting.sites.update"]}
[debug] [2023-03-19T23:10:42.013Z] >>> [apiv2][query] GET https://firebase.googleapis.com/v1beta1/projects/insa-challenge-ui [none]
[debug] [2023-03-19T23:10:42.248Z] <<< [apiv2][status] GET https://firebase.googleapis.com/v1beta1/projects/insa-challenge-ui 200
[debug] [2023-03-19T23:10:42.248Z] <<< [apiv2][body] GET https://firebase.googleapis.com/v1beta1/projects/insa-challenge-ui {"projectId":"insa-challenge-ui","projectNumber":"509717092323","displayName":"INSA Challenge UI","name":"projects/insa-challenge-ui","resources":{"hostingSite":"insa-challenge-ui"},"state":"ACTIVE","etag":"1_9d030dc7-a273-4350-8e72-8ea2bebaa7bf"}
[info] 
[info] === Deploying to 'insa-challenge-ui'...
[info] 
[info] i  deploying hosting 
[debug] [2023-03-19T23:10:42.266Z] >>> [apiv2][query] POST https://firebasehosting.googleapis.com/v1beta1/projects/-/sites/insa-challenge-ui/versions [none]
[debug] [2023-03-19T23:10:42.268Z] >>> [apiv2][body] POST https://firebasehosting.googleapis.com/v1beta1/projects/-/sites/insa-challenge-ui/versions {"status":"CREATED","labels":{"deployment-tool":"cli-firebase"}}
[debug] [2023-03-19T23:10:43.444Z] <<< [apiv2][status] POST https://firebasehosting.googleapis.com/v1beta1/projects/-/sites/insa-challenge-ui/versions 200
[debug] [2023-03-19T23:10:43.444Z] <<< [apiv2][body] POST https://firebasehosting.googleapis.com/v1beta1/projects/-/sites/insa-challenge-ui/versions {"name":"projects/509717092323/sites/insa-challenge-ui/versions/653a35019c83dcad","status":"CREATED","config":{},"labels":{"deployment-tool":"cli-firebase"}}
[info] i  hosting[insa-challenge-ui]: beginning deploy... 
[info] i  hosting[insa-challenge-ui]: found 17 files in build 
[debug] [2023-03-19T23:10:43.469Z] [hosting] uploading with 200 concurrency
[debug] [2023-03-19T23:10:43.916Z] [hosting] hash cache [YnVpbGQ] stored for 17 files
[debug] [2023-03-19T23:10:43.917Z] [hosting][hash queue][FINAL] {"max":430,"min":4,"avg":44.35294117647059,"active":0,"complete":17,"success":17,"errored":0,"retried":0,"total":17,"elapsed":441}
[debug] [2023-03-19T23:10:43.918Z] >>> [apiv2][query] POST https://firebasehosting.googleapis.com/v1beta1/projects/509717092323/sites/insa-challenge-ui/versions/653a35019c83dcad:populateFiles [none]
[debug] [2023-03-19T23:10:43.919Z] >>> [apiv2][body] POST https://firebasehosting.googleapis.com/v1beta1/projects/509717092323/sites/insa-challenge-ui/versions/653a35019c83dcad:populateFiles {"files":{"/favicon.ico":"eae62e993eb980ec8a25058c39d5a51feab118bd2100c4deebb2a9c158ec11f9","/logo192.png":"3ee59515172ee198f3be375979df15ac5345183e656720a381b8872b2a39dc8b","/logo512.png":"ee7e2f3fdb8209c4b6fd7bef6ba50d1b9dba30a25bb5c3126df057e1cb6f5331","/manifest.json":"aff3449bdc238776f5d6d967f19ec491b36aed5fb7f23ccff6500736fd58494a","/robots.txt":"bfe106a3fb878dc83461c86818bf74fc1bdc7f28538ba613cd3e775516ce8b49","/img/hunter.jpg":"f5062db5f99929b0b4390a2d54c3141cf1417f79ba51ef8d44f1bedeb6f9fea7","/img/witch.jpg":"db5e54c529313688cdb327bc8b0d352efded07d55a38d5bfc153d80c44a2d5fe","/asset-manifest.json":"1dfcfb14863076fcc4d46553ebecedf9692d32fb3654dfb610c11cab3df80d17","/index.html":"0072c72ff5f64f0c88b869707fa50aa171f91d0d8f773108039416d8dc8d572f","/static/js/787.4b7ca5ec.chunk.js":"3659d766cd306becb396ae15b3aee932575ec0cf3bff0c25643773650ce4abfe","/static/js/787.4b7ca5ec.chunk.js.map":"07f95f80dfe9025a9f484f1e270fbcd734bee3d9d5a13952b81adf1691bbcb74","/static/js/main.ab23cd21.js.LICENSE.txt":"4cafa78563a097cf13ac666de80ecf09f56f33a9678706b53acd3c5f7af17010","/static/media/logo.6ce24c58023cc2f8fd88fe9d219db6c6.svg":"ac1a3d8899432561573d6a5cf56459437c09b902599a1deb91c0f8d4bb40459d","/static/css/main.a0482884.css":"b4abd1654da5ba7d45ae33fbedabb2ace8db7850f10fa51b38812df0ccd685d0","/static/js/main.ab23cd21.js":"bcfb1f189e568076c094102004c3627fd615844d4ed54a2deeb9fb30957ae684","/static/css/main.a0482884.css.map":"f62cb53971c9955f2d0debfb53266a871a78986a415ad63b44efff8d16f3688d","/static/js/main.ab23cd21.js.map":"057081c9f821d9b0dac41a47652bb9f946eb7d5126b4ada9b7c1c08ae3763b85"}}
[debug] [2023-03-19T23:10:44.808Z] <<< [apiv2][status] POST https://firebasehosting.googleapis.com/v1beta1/projects/509717092323/sites/insa-challenge-ui/versions/653a35019c83dcad:populateFiles 200
[debug] [2023-03-19T23:10:44.809Z] <<< [apiv2][body] POST https://firebasehosting.googleapis.com/v1beta1/projects/509717092323/sites/insa-challenge-ui/versions/653a35019c83dcad:populateFiles {"uploadRequiredHashes":["bcfb1f189e568076c094102004c3627fd615844d4ed54a2deeb9fb30957ae684","0072c72ff5f64f0c88b869707fa50aa171f91d0d8f773108039416d8dc8d572f","057081c9f821d9b0dac41a47652bb9f946eb7d5126b4ada9b7c1c08ae3763b85","1dfcfb14863076fcc4d46553ebecedf9692d32fb3654dfb610c11cab3df80d17"],"uploadUrl":"https://upload-firebasehosting.googleapis.com/upload/sites/insa-challenge-ui/versions/653a35019c83dcad/files"}
[debug] [2023-03-19T23:10:44.813Z] >>> [apiv2][query] POST https://upload-firebasehosting.googleapis.com/upload/sites/insa-challenge-ui/versions/653a35019c83dcad/files/bcfb1f189e568076c094102004c3627fd615844d4ed54a2deeb9fb30957ae684 [none]
[debug] [2023-03-19T23:10:44.813Z] >>> [apiv2][body] POST https://upload-firebasehosting.googleapis.com/upload/sites/insa-challenge-ui/versions/653a35019c83dcad/files/bcfb1f189e568076c094102004c3627fd615844d4ed54a2deeb9fb30957ae684 [stream]
[debug] [2023-03-19T23:10:44.816Z] >>> [apiv2][query] POST https://upload-firebasehosting.googleapis.com/upload/sites/insa-challenge-ui/versions/653a35019c83dcad/files/0072c72ff5f64f0c88b869707fa50aa171f91d0d8f773108039416d8dc8d572f [none]
[debug] [2023-03-19T23:10:44.817Z] >>> [apiv2][body] POST https://upload-firebasehosting.googleapis.com/upload/sites/insa-challenge-ui/versions/653a35019c83dcad/files/0072c72ff5f64f0c88b869707fa50aa171f91d0d8f773108039416d8dc8d572f [stream]
[debug] [2023-03-19T23:10:44.820Z] >>> [apiv2][query] POST https://upload-firebasehosting.googleapis.com/upload/sites/insa-challenge-ui/versions/653a35019c83dcad/files/057081c9f821d9b0dac41a47652bb9f946eb7d5126b4ada9b7c1c08ae3763b85 [none]
[debug] [2023-03-19T23:10:44.820Z] >>> [apiv2][body] POST https://upload-firebasehosting.googleapis.com/upload/sites/insa-challenge-ui/versions/653a35019c83dcad/files/057081c9f821d9b0dac41a47652bb9f946eb7d5126b4ada9b7c1c08ae3763b85 [stream]
[debug] [2023-03-19T23:10:44.822Z] >>> [apiv2][query] POST https://upload-firebasehosting.googleapis.com/upload/sites/insa-challenge-ui/versions/653a35019c83dcad/files/1dfcfb14863076fcc4d46553ebecedf9692d32fb3654dfb610c11cab3df80d17 [none]
[debug] [2023-03-19T23:10:44.823Z] >>> [apiv2][body] POST https://upload-firebasehosting.googleapis.com/upload/sites/insa-challenge-ui/versions/653a35019c83dcad/files/1dfcfb14863076fcc4d46553ebecedf9692d32fb3654dfb610c11cab3df80d17 [stream]
[debug] [2023-03-19T23:10:44.826Z] [hosting][populate queue][FINAL] {"max":899,"min":899,"avg":899,"active":0,"complete":1,"success":1,"errored":0,"retried":0,"total":1,"elapsed":913}
[debug] [2023-03-19T23:10:44.826Z] [hosting] uploads queued: 4
[info] i  hosting: uploading new files [0/4] (0%) 
[debug] [2023-03-19T23:10:46.000Z] <<< [apiv2][status] POST https://upload-firebasehosting.googleapis.com/upload/sites/insa-challenge-ui/versions/653a35019c83dcad/files/0072c72ff5f64f0c88b869707fa50aa171f91d0d8f773108039416d8dc8d572f 200
[debug] [2023-03-19T23:10:46.001Z] <<< [apiv2][body] POST https://upload-firebasehosting.googleapis.com/upload/sites/insa-challenge-ui/versions/653a35019c83dcad/files/0072c72ff5f64f0c88b869707fa50aa171f91d0d8f773108039416d8dc8d572f [stream]
[debug] [2023-03-19T23:10:46.310Z] <<< [apiv2][status] POST https://upload-firebasehosting.googleapis.com/upload/sites/insa-challenge-ui/versions/653a35019c83dcad/files/1dfcfb14863076fcc4d46553ebecedf9692d32fb3654dfb610c11cab3df80d17 200
[debug] [2023-03-19T23:10:46.311Z] <<< [apiv2][body] POST https://upload-firebasehosting.googleapis.com/upload/sites/insa-challenge-ui/versions/653a35019c83dcad/files/1dfcfb14863076fcc4d46553ebecedf9692d32fb3654dfb610c11cab3df80d17 [stream]
[debug] [2023-03-19T23:10:46.521Z] <<< [apiv2][status] POST https://upload-firebasehosting.googleapis.com/upload/sites/insa-challenge-ui/versions/653a35019c83dcad/files/bcfb1f189e568076c094102004c3627fd615844d4ed54a2deeb9fb30957ae684 200
[debug] [2023-03-19T23:10:46.522Z] <<< [apiv2][body] POST https://upload-firebasehosting.googleapis.com/upload/sites/insa-challenge-ui/versions/653a35019c83dcad/files/bcfb1f189e568076c094102004c3627fd615844d4ed54a2deeb9fb30957ae684 [stream]
[debug] [2023-03-19T23:10:46.819Z] <<< [apiv2][status] POST https://upload-firebasehosting.googleapis.com/upload/sites/insa-challenge-ui/versions/653a35019c83dcad/files/057081c9f821d9b0dac41a47652bb9f946eb7d5126b4ada9b7c1c08ae3763b85 200
[debug] [2023-03-19T23:10:46.819Z] <<< [apiv2][body] POST https://upload-firebasehosting.googleapis.com/upload/sites/insa-challenge-ui/versions/653a35019c83dcad/files/057081c9f821d9b0dac41a47652bb9f946eb7d5126b4ada9b7c1c08ae3763b85 [stream]
[debug] [2023-03-19T23:10:46.820Z] [hosting][upload queue][FINAL] {"max":2008,"min":1191,"avg":1602.75,"active":0,"complete":4,"success":4,"errored":0,"retried":0,"total":4,"elapsed":2010}
[info] i  hosting: upload complete 
[info] +  hosting[insa-challenge-ui]: file upload complete 
[debug] [2023-03-19T23:10:46.822Z] [hosting] deploy completed after 3373ms
[debug] [2023-03-19T23:10:46.827Z] [
  {
    "config": {
      "public": "build",
      "ignore": [
        "firebase.json",
        "**/.*",
        "**/node_modules/**"
      ],
      "rewrites": [
        {
          "source": "**",
          "destination": "/index.html"
        }
      ],
      "site": "insa-challenge-ui"
    },
    "version": "projects/509717092323/sites/insa-challenge-ui/versions/653a35019c83dcad"
  }
]
[info] i  hosting[insa-challenge-ui]: finalizing version... 
[debug] [2023-03-19T23:10:46.832Z] >>> [apiv2][query] PATCH https://firebasehosting.googleapis.com/v1beta1/projects/-/sites/insa-challenge-ui/versions/653a35019c83dcad updateMask=status%2Cconfig
[debug] [2023-03-19T23:10:46.833Z] >>> [apiv2][body] PATCH https://firebasehosting.googleapis.com/v1beta1/projects/-/sites/insa-challenge-ui/versions/653a35019c83dcad {"status":"FINALIZED","config":{"rewrites":[{"glob":"**","path":"/index.html"}]}}
[debug] [2023-03-19T23:10:47.743Z] <<< [apiv2][status] PATCH https://firebasehosting.googleapis.com/v1beta1/projects/-/sites/insa-challenge-ui/versions/653a35019c83dcad 200
[debug] [2023-03-19T23:10:47.744Z] <<< [apiv2][body] PATCH https://firebasehosting.googleapis.com/v1beta1/projects/-/sites/insa-challenge-ui/versions/653a35019c83dcad {"name":"projects/509717092323/sites/insa-challenge-ui/versions/653a35019c83dcad","status":"FINALIZED","config":{"rewrites":[{"glob":"**","path":"/index.html"}]},"labels":{"deployment-tool":"cli-firebase"},"createTime":"2023-03-19T23:10:41.903908Z","createUser":{"email":"NgocMinhK62@gmail.com"},"finalizeTime":"2023-03-19T23:10:46.546212Z","finalizeUser":{"email":"NgocMinhK62@gmail.com"}}
[debug] [2023-03-19T23:10:47.745Z] [hosting] finalized version for insa-challenge-ui:[object Object]
[info] +  hosting[insa-challenge-ui]: version finalized 
[info] i  hosting[insa-challenge-ui]: releasing new version... 
[debug] [2023-03-19T23:10:47.747Z] >>> [apiv2][query] POST https://firebasehosting.googleapis.com/v1beta1/projects/-/sites/insa-challenge-ui/channels/live/releases versionName=projects%2F509717092323%2Fsites%2Finsa-challenge-ui%2Fversions%2F653a35019c83dcad
[debug] [2023-03-19T23:10:47.747Z] >>> [apiv2][body] POST https://firebasehosting.googleapis.com/v1beta1/projects/-/sites/insa-challenge-ui/channels/live/releases {}
[debug] [2023-03-19T23:10:48.665Z] <<< [apiv2][status] POST https://firebasehosting.googleapis.com/v1beta1/projects/-/sites/insa-challenge-ui/channels/live/releases 200
[debug] [2023-03-19T23:10:48.665Z] <<< [apiv2][body] POST https://firebasehosting.googleapis.com/v1beta1/projects/-/sites/insa-challenge-ui/channels/live/releases {"name":"projects/509717092323/sites/insa-challenge-ui/channels/live/releases/1679267446859000","version":{"name":"projects/509717092323/sites/insa-challenge-ui/versions/653a35019c83dcad","status":"FINALIZED","config":{"rewrites":[{"glob":"**","path":"/index.html"}]},"labels":{"deployment-tool":"cli-firebase"},"createTime":"2023-03-19T23:10:41.903908Z","createUser":{"email":"NgocMinhK62@gmail.com","imageUrl":"https://lh3.googleusercontent.com/a/AGNmyxYpK9ibHjoNj6oNfP8GfF1Y_FEnuka_XfRPsqPc=mo"},"finalizeTime":"2023-03-19T23:10:46.546212Z","finalizeUser":{"email":"NgocMinhK62@gmail.com","imageUrl":"https://lh3.googleusercontent.com/a/AGNmyxYpK9ibHjoNj6oNfP8GfF1Y_FEnuka_XfRPsqPc=mo"}},"type":"DEPLOY","releaseTime":"2023-03-19T23:10:46.859Z","releaseUser":{"email":"NgocMinhK62@gmail.com","imageUrl":"https://lh3.googleusercontent.com/a/AGNmyxYpK9ibHjoNj6oNfP8GfF1Y_FEnuka_XfRPsqPc=mo"}}
[debug] [2023-03-19T23:10:48.666Z] [hosting] release: {"name":"projects/509717092323/sites/insa-challenge-ui/channels/live/releases/1679267446859000","version":{"name":"projects/509717092323/sites/insa-challenge-ui/versions/653a35019c83dcad","status":"FINALIZED","config":{"rewrites":[{"glob":"**","path":"/index.html"}]},"labels":{"deployment-tool":"cli-firebase"},"createTime":"2023-03-19T23:10:41.903908Z","createUser":{"email":"NgocMinhK62@gmail.com","imageUrl":"https://lh3.googleusercontent.com/a/AGNmyxYpK9ibHjoNj6oNfP8GfF1Y_FEnuka_XfRPsqPc=mo"},"finalizeTime":"2023-03-19T23:10:46.546212Z","finalizeUser":{"email":"NgocMinhK62@gmail.com","imageUrl":"https://lh3.googleusercontent.com/a/AGNmyxYpK9ibHjoNj6oNfP8GfF1Y_FEnuka_XfRPsqPc=mo"}},"type":"DEPLOY","releaseTime":"2023-03-19T23:10:46.859Z","releaseUser":{"email":"NgocMinhK62@gmail.com","imageUrl":"https://lh3.googleusercontent.com/a/AGNmyxYpK9ibHjoNj6oNfP8GfF1Y_FEnuka_XfRPsqPc=mo"}}
[info] +  hosting[insa-challenge-ui]: release complete 
[info] 
[info] +  Deploy complete! 
[info] 
[info] Project Console: https://console.firebase.google.com/project/insa-challenge-ui/overview
[info] Hosting URL: https://insa-challenge-ui.web.app
[debug] [2023-03-19T23:32:50.069Z] ----------------------------------------------------------------------
[debug] [2023-03-19T23:32:50.073Z] Command:       C:\Program Files\nodejs\node.exe C:\Users\bbbbb\AppData\Roaming\npm\node_modules\firebase-tools\lib\bin\firebase.js deploy --debug
[debug] [2023-03-19T23:32:50.074Z] CLI Version:   11.24.1
[debug] [2023-03-19T23:32:50.074Z] Platform:      win32
[debug] [2023-03-19T23:32:50.074Z] Node Version:  v18.12.1
[debug] [2023-03-19T23:32:50.076Z] Time:          Mon Mar 20 2023 00:32:50 GMT+0100 (Central European Standard Time)
[debug] [2023-03-19T23:32:50.076Z] ----------------------------------------------------------------------
[debug] 
[debug] [2023-03-19T23:32:50.170Z] > command requires scopes: ["email","openid","https://www.googleapis.com/auth/cloudplatformprojects.readonly","https://www.googleapis.com/auth/firebase","https://www.googleapis.com/auth/cloud-platform"]
[debug] [2023-03-19T23:32:50.172Z] > authorizing via signed-in user (ngocminhk62@gmail.com)
[debug] [2023-03-19T23:32:50.172Z] [iam] checking project insa-challenge-ui for permissions ["firebase.projects.get","firebasehosting.sites.update"]
[debug] [2023-03-19T23:32:50.176Z] >>> [apiv2][query] POST https://cloudresourcemanager.googleapis.com/v1/projects/insa-challenge-ui:testIamPermissions [none]
[debug] [2023-03-19T23:32:50.176Z] >>> [apiv2][(partial)header] POST https://cloudresourcemanager.googleapis.com/v1/projects/insa-challenge-ui:testIamPermissions x-goog-quota-user=projects/insa-challenge-ui
[debug] [2023-03-19T23:32:50.177Z] >>> [apiv2][body] POST https://cloudresourcemanager.googleapis.com/v1/projects/insa-challenge-ui:testIamPermissions {"permissions":["firebase.projects.get","firebasehosting.sites.update"]}
[debug] [2023-03-19T23:32:50.996Z] <<< [apiv2][status] POST https://cloudresourcemanager.googleapis.com/v1/projects/insa-challenge-ui:testIamPermissions 200
[debug] [2023-03-19T23:32:50.997Z] <<< [apiv2][body] POST https://cloudresourcemanager.googleapis.com/v1/projects/insa-challenge-ui:testIamPermissions {"permissions":["firebase.projects.get","firebasehosting.sites.update"]}
[debug] [2023-03-19T23:32:50.999Z] >>> [apiv2][query] GET https://firebase.googleapis.com/v1beta1/projects/insa-challenge-ui [none]
[debug] [2023-03-19T23:32:51.294Z] <<< [apiv2][status] GET https://firebase.googleapis.com/v1beta1/projects/insa-challenge-ui 200
[debug] [2023-03-19T23:32:51.295Z] <<< [apiv2][body] GET https://firebase.googleapis.com/v1beta1/projects/insa-challenge-ui {"projectId":"insa-challenge-ui","projectNumber":"509717092323","displayName":"INSA Challenge UI","name":"projects/insa-challenge-ui","resources":{"hostingSite":"insa-challenge-ui"},"state":"ACTIVE","etag":"1_9d030dc7-a273-4350-8e72-8ea2bebaa7bf"}
[info] 
[info] === Deploying to 'insa-challenge-ui'...
[info] 
[info] i  deploying hosting 
[debug] [2023-03-19T23:32:51.305Z] >>> [apiv2][query] POST https://firebasehosting.googleapis.com/v1beta1/projects/-/sites/insa-challenge-ui/versions [none]
[debug] [2023-03-19T23:32:51.305Z] >>> [apiv2][body] POST https://firebasehosting.googleapis.com/v1beta1/projects/-/sites/insa-challenge-ui/versions {"status":"CREATED","labels":{"deployment-tool":"cli-firebase"}}
[debug] [2023-03-19T23:32:52.421Z] <<< [apiv2][status] POST https://firebasehosting.googleapis.com/v1beta1/projects/-/sites/insa-challenge-ui/versions 200
[debug] [2023-03-19T23:32:52.431Z] <<< [apiv2][body] POST https://firebasehosting.googleapis.com/v1beta1/projects/-/sites/insa-challenge-ui/versions {"name":"projects/509717092323/sites/insa-challenge-ui/versions/402dff7bcd144cc1","status":"CREATED","config":{},"labels":{"deployment-tool":"cli-firebase"}}
[info] i  hosting[insa-challenge-ui]: beginning deploy... 
[info] i  hosting[insa-challenge-ui]: found 17 files in build 
[debug] [2023-03-19T23:32:52.453Z] [hosting] uploading with 200 concurrency
[debug] [2023-03-19T23:32:52.761Z] [hosting] hash cache [YnVpbGQ] stored for 17 files
[debug] [2023-03-19T23:32:52.761Z] [hosting][hash queue][FINAL] {"max":297,"min":3,"avg":32.529411764705884,"active":0,"complete":17,"success":17,"errored":0,"retried":0,"total":17,"elapsed":305}
[debug] [2023-03-19T23:32:52.762Z] >>> [apiv2][query] POST https://firebasehosting.googleapis.com/v1beta1/projects/509717092323/sites/insa-challenge-ui/versions/402dff7bcd144cc1:populateFiles [none]
[debug] [2023-03-19T23:32:52.762Z] >>> [apiv2][body] POST https://firebasehosting.googleapis.com/v1beta1/projects/509717092323/sites/insa-challenge-ui/versions/402dff7bcd144cc1:populateFiles {"files":{"/favicon.ico":"eae62e993eb980ec8a25058c39d5a51feab118bd2100c4deebb2a9c158ec11f9","/logo192.png":"3ee59515172ee198f3be375979df15ac5345183e656720a381b8872b2a39dc8b","/logo512.png":"ee7e2f3fdb8209c4b6fd7bef6ba50d1b9dba30a25bb5c3126df057e1cb6f5331","/manifest.json":"aff3449bdc238776f5d6d967f19ec491b36aed5fb7f23ccff6500736fd58494a","/robots.txt":"bfe106a3fb878dc83461c86818bf74fc1bdc7f28538ba613cd3e775516ce8b49","/img/hunter.jpg":"f5062db5f99929b0b4390a2d54c3141cf1417f79ba51ef8d44f1bedeb6f9fea7","/img/witch.jpg":"db5e54c529313688cdb327bc8b0d352efded07d55a38d5bfc153d80c44a2d5fe","/asset-manifest.json":"1dfcfb14863076fcc4d46553ebecedf9692d32fb3654dfb610c11cab3df80d17","/index.html":"0072c72ff5f64f0c88b869707fa50aa171f91d0d8f773108039416d8dc8d572f","/static/js/787.4b7ca5ec.chunk.js":"3659d766cd306becb396ae15b3aee932575ec0cf3bff0c25643773650ce4abfe","/static/js/787.4b7ca5ec.chunk.js.map":"07f95f80dfe9025a9f484f1e270fbcd734bee3d9d5a13952b81adf1691bbcb74","/static/js/main.ab23cd21.js.LICENSE.txt":"4cafa78563a097cf13ac666de80ecf09f56f33a9678706b53acd3c5f7af17010","/static/media/logo.6ce24c58023cc2f8fd88fe9d219db6c6.svg":"ac1a3d8899432561573d6a5cf56459437c09b902599a1deb91c0f8d4bb40459d","/static/css/main.a0482884.css":"b4abd1654da5ba7d45ae33fbedabb2ace8db7850f10fa51b38812df0ccd685d0","/static/js/main.ab23cd21.js":"bcfb1f189e568076c094102004c3627fd615844d4ed54a2deeb9fb30957ae684","/static/css/main.a0482884.css.map":"f62cb53971c9955f2d0debfb53266a871a78986a415ad63b44efff8d16f3688d","/static/js/main.ab23cd21.js.map":"057081c9f821d9b0dac41a47652bb9f946eb7d5126b4ada9b7c1c08ae3763b85"}}
[debug] [2023-03-19T23:32:53.855Z] <<< [apiv2][status] POST https://firebasehosting.googleapis.com/v1beta1/projects/509717092323/sites/insa-challenge-ui/versions/402dff7bcd144cc1:populateFiles 200
[debug] [2023-03-19T23:32:53.855Z] <<< [apiv2][body] POST https://firebasehosting.googleapis.com/v1beta1/projects/509717092323/sites/insa-challenge-ui/versions/402dff7bcd144cc1:populateFiles {"uploadUrl":"https://upload-firebasehosting.googleapis.com/upload/sites/insa-challenge-ui/versions/402dff7bcd144cc1/files"}
[debug] [2023-03-19T23:32:53.856Z] [hosting][populate queue][FINAL] {"max":1097,"min":1097,"avg":1097,"active":0,"complete":1,"success":1,"errored":0,"retried":0,"total":1,"elapsed":1097}
[debug] [2023-03-19T23:32:53.857Z] [hosting] uploads queued: 0
[debug] [2023-03-19T23:32:53.857Z] [hosting][upload queue][FINAL] {"max":0,"min":9999999999,"avg":0,"active":0,"complete":0,"success":0,"errored":0,"retried":0,"total":0,"elapsed":1679268773857}
[info] i  hosting: upload complete 
[info] +  hosting[insa-challenge-ui]: file upload complete 
[debug] [2023-03-19T23:32:53.859Z] [hosting] deploy completed after 1423ms
[debug] [2023-03-19T23:32:53.863Z] [
  {
    "config": {
      "public": "build",
      "ignore": [
        "firebase.json",
        "**/.*",
        "**/node_modules/**"
      ],
      "rewrites": [
        {
          "source": "**",
          "destination": "/index.html"
        }
      ],
      "site": "insa-challenge-ui"
    },
    "version": "projects/509717092323/sites/insa-challenge-ui/versions/402dff7bcd144cc1"
  }
]
[info] i  hosting[insa-challenge-ui]: finalizing version... 
[debug] [2023-03-19T23:32:53.868Z] >>> [apiv2][query] PATCH https://firebasehosting.googleapis.com/v1beta1/projects/-/sites/insa-challenge-ui/versions/402dff7bcd144cc1 updateMask=status%2Cconfig
[debug] [2023-03-19T23:32:53.868Z] >>> [apiv2][body] PATCH https://firebasehosting.googleapis.com/v1beta1/projects/-/sites/insa-challenge-ui/versions/402dff7bcd144cc1 {"status":"FINALIZED","config":{"rewrites":[{"glob":"**","path":"/index.html"}]}}
[debug] [2023-03-19T23:32:54.772Z] <<< [apiv2][status] PATCH https://firebasehosting.googleapis.com/v1beta1/projects/-/sites/insa-challenge-ui/versions/402dff7bcd144cc1 200
[debug] [2023-03-19T23:32:54.773Z] <<< [apiv2][body] PATCH https://firebasehosting.googleapis.com/v1beta1/projects/-/sites/insa-challenge-ui/versions/402dff7bcd144cc1 {"name":"projects/509717092323/sites/insa-challenge-ui/versions/402dff7bcd144cc1","status":"FINALIZED","config":{"rewrites":[{"glob":"**","path":"/index.html"}]},"labels":{"deployment-tool":"cli-firebase"},"createTime":"2023-03-19T23:32:50.924441Z","createUser":{"email":"NgocMinhK62@gmail.com"},"finalizeTime":"2023-03-19T23:32:53.549130Z","finalizeUser":{"email":"NgocMinhK62@gmail.com"}}
[debug] [2023-03-19T23:32:54.773Z] [hosting] finalized version for insa-challenge-ui:[object Object]
[info] +  hosting[insa-challenge-ui]: version finalized 
[info] i  hosting[insa-challenge-ui]: releasing new version... 
[debug] [2023-03-19T23:32:54.775Z] >>> [apiv2][query] POST https://firebasehosting.googleapis.com/v1beta1/projects/-/sites/insa-challenge-ui/channels/live/releases versionName=projects%2F509717092323%2Fsites%2Finsa-challenge-ui%2Fversions%2F402dff7bcd144cc1
[debug] [2023-03-19T23:32:54.776Z] >>> [apiv2][body] POST https://firebasehosting.googleapis.com/v1beta1/projects/-/sites/insa-challenge-ui/channels/live/releases {}
[debug] [2023-03-19T23:32:55.695Z] <<< [apiv2][status] POST https://firebasehosting.googleapis.com/v1beta1/projects/-/sites/insa-challenge-ui/channels/live/releases 200
[debug] [2023-03-19T23:32:55.696Z] <<< [apiv2][body] POST https://firebasehosting.googleapis.com/v1beta1/projects/-/sites/insa-challenge-ui/channels/live/releases {"name":"projects/509717092323/sites/insa-challenge-ui/channels/live/releases/1679268773870000","version":{"name":"projects/509717092323/sites/insa-challenge-ui/versions/402dff7bcd144cc1","status":"FINALIZED","config":{"rewrites":[{"glob":"**","path":"/index.html"}]},"labels":{"deployment-tool":"cli-firebase"},"createTime":"2023-03-19T23:32:50.924441Z","createUser":{"email":"NgocMinhK62@gmail.com","imageUrl":"https://lh3.googleusercontent.com/a/AGNmyxYpK9ibHjoNj6oNfP8GfF1Y_FEnuka_XfRPsqPc=mo"},"finalizeTime":"2023-03-19T23:32:53.549130Z","finalizeUser":{"email":"NgocMinhK62@gmail.com","imageUrl":"https://lh3.googleusercontent.com/a/AGNmyxYpK9ibHjoNj6oNfP8GfF1Y_FEnuka_XfRPsqPc=mo"}},"type":"DEPLOY","releaseTime":"2023-03-19T23:32:53.870Z","releaseUser":{"email":"NgocMinhK62@gmail.com","imageUrl":"https://lh3.googleusercontent.com/a/AGNmyxYpK9ibHjoNj6oNfP8GfF1Y_FEnuka_XfRPsqPc=mo"}}
[debug] [2023-03-19T23:32:55.697Z] [hosting] release: {"name":"projects/509717092323/sites/insa-challenge-ui/channels/live/releases/1679268773870000","version":{"name":"projects/509717092323/sites/insa-challenge-ui/versions/402dff7bcd144cc1","status":"FINALIZED","config":{"rewrites":[{"glob":"**","path":"/index.html"}]},"labels":{"deployment-tool":"cli-firebase"},"createTime":"2023-03-19T23:32:50.924441Z","createUser":{"email":"NgocMinhK62@gmail.com","imageUrl":"https://lh3.googleusercontent.com/a/AGNmyxYpK9ibHjoNj6oNfP8GfF1Y_FEnuka_XfRPsqPc=mo"},"finalizeTime":"2023-03-19T23:32:53.549130Z","finalizeUser":{"email":"NgocMinhK62@gmail.com","imageUrl":"https://lh3.googleusercontent.com/a/AGNmyxYpK9ibHjoNj6oNfP8GfF1Y_FEnuka_XfRPsqPc=mo"}},"type":"DEPLOY","releaseTime":"2023-03-19T23:32:53.870Z","releaseUser":{"email":"NgocMinhK62@gmail.com","imageUrl":"https://lh3.googleusercontent.com/a/AGNmyxYpK9ibHjoNj6oNfP8GfF1Y_FEnuka_XfRPsqPc=mo"}}
[info] +  hosting[insa-challenge-ui]: release complete 
[info] 
[info] +  Deploy complete! 
[info] 
[info] Project Console: https://console.firebase.google.com/project/insa-challenge-ui/overview
[info] Hosting URL: https://insa-challenge-ui.web.app
[debug] [2023-03-20T00:23:55.497Z] ----------------------------------------------------------------------
[debug] [2023-03-20T00:23:55.498Z] Command:       C:\Program Files\nodejs\node.exe C:\Users\bbbbb\AppData\Roaming\npm\node_modules\firebase-tools\lib\bin\firebase.js deploy
[debug] [2023-03-20T00:23:55.498Z] CLI Version:   11.24.1
[debug] [2023-03-20T00:23:55.498Z] Platform:      win32
[debug] [2023-03-20T00:23:55.498Z] Node Version:  v18.12.1
[debug] [2023-03-20T00:23:55.499Z] Time:          Mon Mar 20 2023 01:23:55 GMT+0100 (Central European Standard Time)
[debug] [2023-03-20T00:23:55.499Z] ----------------------------------------------------------------------
[debug] 
[debug] [2023-03-20T00:23:55.538Z] > command requires scopes: ["email","openid","https://www.googleapis.com/auth/cloudplatformprojects.readonly","https://www.googleapis.com/auth/firebase","https://www.googleapis.com/auth/cloud-platform"]
[debug] [2023-03-20T00:23:55.538Z] > authorizing via signed-in user (ngocminhk62@gmail.com)
[debug] [2023-03-20T00:23:55.538Z] [iam] checking project insa-challenge-ui for permissions ["firebase.projects.get","firebasehosting.sites.update"]
[debug] [2023-03-20T00:23:55.539Z] > refreshing access token with scopes: []
[debug] [2023-03-20T00:23:55.540Z] >>> [apiv2][query] POST https://www.googleapis.com/oauth2/v3/token [none]
[debug] [2023-03-20T00:23:55.540Z] >>> [apiv2][body] POST https://www.googleapis.com/oauth2/v3/token [omitted]
[debug] [2023-03-20T00:23:55.655Z] <<< [apiv2][status] POST https://www.googleapis.com/oauth2/v3/token 200
[debug] [2023-03-20T00:23:55.656Z] <<< [apiv2][body] POST https://www.googleapis.com/oauth2/v3/token [omitted]
[debug] [2023-03-20T00:23:55.667Z] >>> [apiv2][query] POST https://cloudresourcemanager.googleapis.com/v1/projects/insa-challenge-ui:testIamPermissions [none]
[debug] [2023-03-20T00:23:55.667Z] >>> [apiv2][(partial)header] POST https://cloudresourcemanager.googleapis.com/v1/projects/insa-challenge-ui:testIamPermissions x-goog-quota-user=projects/insa-challenge-ui
[debug] [2023-03-20T00:23:55.667Z] >>> [apiv2][body] POST https://cloudresourcemanager.googleapis.com/v1/projects/insa-challenge-ui:testIamPermissions {"permissions":["firebase.projects.get","firebasehosting.sites.update"]}
[debug] [2023-03-20T00:23:56.310Z] <<< [apiv2][status] POST https://cloudresourcemanager.googleapis.com/v1/projects/insa-challenge-ui:testIamPermissions 200
[debug] [2023-03-20T00:23:56.310Z] <<< [apiv2][body] POST https://cloudresourcemanager.googleapis.com/v1/projects/insa-challenge-ui:testIamPermissions {"permissions":["firebase.projects.get","firebasehosting.sites.update"]}
[debug] [2023-03-20T00:23:56.311Z] >>> [apiv2][query] GET https://firebase.googleapis.com/v1beta1/projects/insa-challenge-ui [none]
[debug] [2023-03-20T00:23:56.537Z] <<< [apiv2][status] GET https://firebase.googleapis.com/v1beta1/projects/insa-challenge-ui 200
[debug] [2023-03-20T00:23:56.537Z] <<< [apiv2][body] GET https://firebase.googleapis.com/v1beta1/projects/insa-challenge-ui {"projectId":"insa-challenge-ui","projectNumber":"509717092323","displayName":"INSA Challenge UI","name":"projects/insa-challenge-ui","resources":{"hostingSite":"insa-challenge-ui"},"state":"ACTIVE","etag":"1_9d030dc7-a273-4350-8e72-8ea2bebaa7bf"}
[info] 
[info] === Deploying to 'insa-challenge-ui'...
[info] 
[info] i  deploying hosting 
[debug] [2023-03-20T00:23:56.541Z] >>> [apiv2][query] POST https://firebasehosting.googleapis.com/v1beta1/projects/-/sites/insa-challenge-ui/versions [none]
[debug] [2023-03-20T00:23:56.541Z] >>> [apiv2][body] POST https://firebasehosting.googleapis.com/v1beta1/projects/-/sites/insa-challenge-ui/versions {"status":"CREATED","labels":{"deployment-tool":"cli-firebase"}}
[debug] [2023-03-20T00:23:57.665Z] <<< [apiv2][status] POST https://firebasehosting.googleapis.com/v1beta1/projects/-/sites/insa-challenge-ui/versions 200
[debug] [2023-03-20T00:23:57.665Z] <<< [apiv2][body] POST https://firebasehosting.googleapis.com/v1beta1/projects/-/sites/insa-challenge-ui/versions {"name":"projects/509717092323/sites/insa-challenge-ui/versions/2084eac3088d2742","status":"CREATED","config":{},"labels":{"deployment-tool":"cli-firebase"}}
[info] i  hosting[insa-challenge-ui]: beginning deploy... 
[info] i  hosting[insa-challenge-ui]: found 17 files in build 
[debug] [2023-03-20T00:23:57.672Z] [hosting] uploading with 200 concurrency
[debug] [2023-03-20T00:23:57.816Z] [hosting] hash cache [YnVpbGQ] stored for 17 files
[debug] [2023-03-20T00:23:57.816Z] [hosting][hash queue][FINAL] {"max":140,"min":1,"avg":15.529411764705882,"active":0,"complete":17,"success":17,"errored":0,"retried":0,"total":17,"elapsed":142}
[debug] [2023-03-20T00:23:57.817Z] >>> [apiv2][query] POST https://firebasehosting.googleapis.com/v1beta1/projects/509717092323/sites/insa-challenge-ui/versions/2084eac3088d2742:populateFiles [none]
[debug] [2023-03-20T00:23:57.817Z] >>> [apiv2][body] POST https://firebasehosting.googleapis.com/v1beta1/projects/509717092323/sites/insa-challenge-ui/versions/2084eac3088d2742:populateFiles {"files":{"/favicon.ico":"eae62e993eb980ec8a25058c39d5a51feab118bd2100c4deebb2a9c158ec11f9","/logo192.png":"3ee59515172ee198f3be375979df15ac5345183e656720a381b8872b2a39dc8b","/logo512.png":"ee7e2f3fdb8209c4b6fd7bef6ba50d1b9dba30a25bb5c3126df057e1cb6f5331","/manifest.json":"aff3449bdc238776f5d6d967f19ec491b36aed5fb7f23ccff6500736fd58494a","/robots.txt":"bfe106a3fb878dc83461c86818bf74fc1bdc7f28538ba613cd3e775516ce8b49","/img/hunter.jpg":"f5062db5f99929b0b4390a2d54c3141cf1417f79ba51ef8d44f1bedeb6f9fea7","/img/witch.jpg":"db5e54c529313688cdb327bc8b0d352efded07d55a38d5bfc153d80c44a2d5fe","/asset-manifest.json":"29dc3c32e9b97176954e244a28f9182802fd2e17300373925f9a940322d00156","/index.html":"639796b1879f864be24f7213f2abccef1b4a71f912ee67241982157c27de7f5a","/static/js/787.4b7ca5ec.chunk.js":"3659d766cd306becb396ae15b3aee932575ec0cf3bff0c25643773650ce4abfe","/static/js/787.4b7ca5ec.chunk.js.map":"07f95f80dfe9025a9f484f1e270fbcd734bee3d9d5a13952b81adf1691bbcb74","/static/js/main.d7f1843e.js.LICENSE.txt":"4cafa78563a097cf13ac666de80ecf09f56f33a9678706b53acd3c5f7af17010","/static/media/logo.6ce24c58023cc2f8fd88fe9d219db6c6.svg":"ac1a3d8899432561573d6a5cf56459437c09b902599a1deb91c0f8d4bb40459d","/static/css/main.a0482884.css":"b4abd1654da5ba7d45ae33fbedabb2ace8db7850f10fa51b38812df0ccd685d0","/static/js/main.d7f1843e.js":"61f2ec13ffc0da7460ed161eb85bdcbf7c89673f1ecf7d03dffb0f163627a99c","/static/css/main.a0482884.css.map":"f62cb53971c9955f2d0debfb53266a871a78986a415ad63b44efff8d16f3688d","/static/js/main.d7f1843e.js.map":"dd6acb0b725e38799ad7adf9385ae428be12e627e79bb6082d88c339ee2e1e95"}}
[debug] [2023-03-20T00:23:58.752Z] <<< [apiv2][status] POST https://firebasehosting.googleapis.com/v1beta1/projects/509717092323/sites/insa-challenge-ui/versions/2084eac3088d2742:populateFiles 200
[debug] [2023-03-20T00:23:58.752Z] <<< [apiv2][body] POST https://firebasehosting.googleapis.com/v1beta1/projects/509717092323/sites/insa-challenge-ui/versions/2084eac3088d2742:populateFiles {"uploadRequiredHashes":["29dc3c32e9b97176954e244a28f9182802fd2e17300373925f9a940322d00156","61f2ec13ffc0da7460ed161eb85bdcbf7c89673f1ecf7d03dffb0f163627a99c","639796b1879f864be24f7213f2abccef1b4a71f912ee67241982157c27de7f5a","dd6acb0b725e38799ad7adf9385ae428be12e627e79bb6082d88c339ee2e1e95"],"uploadUrl":"https://upload-firebasehosting.googleapis.com/upload/sites/insa-challenge-ui/versions/2084eac3088d2742/files"}
[debug] [2023-03-20T00:23:58.753Z] >>> [apiv2][query] POST https://upload-firebasehosting.googleapis.com/upload/sites/insa-challenge-ui/versions/2084eac3088d2742/files/29dc3c32e9b97176954e244a28f9182802fd2e17300373925f9a940322d00156 [none]
[debug] [2023-03-20T00:23:58.753Z] >>> [apiv2][body] POST https://upload-firebasehosting.googleapis.com/upload/sites/insa-challenge-ui/versions/2084eac3088d2742/files/29dc3c32e9b97176954e244a28f9182802fd2e17300373925f9a940322d00156 [stream]
[debug] [2023-03-20T00:23:58.754Z] >>> [apiv2][query] POST https://upload-firebasehosting.googleapis.com/upload/sites/insa-challenge-ui/versions/2084eac3088d2742/files/61f2ec13ffc0da7460ed161eb85bdcbf7c89673f1ecf7d03dffb0f163627a99c [none]
[debug] [2023-03-20T00:23:58.754Z] >>> [apiv2][body] POST https://upload-firebasehosting.googleapis.com/upload/sites/insa-challenge-ui/versions/2084eac3088d2742/files/61f2ec13ffc0da7460ed161eb85bdcbf7c89673f1ecf7d03dffb0f163627a99c [stream]
[debug] [2023-03-20T00:23:58.754Z] >>> [apiv2][query] POST https://upload-firebasehosting.googleapis.com/upload/sites/insa-challenge-ui/versions/2084eac3088d2742/files/639796b1879f864be24f7213f2abccef1b4a71f912ee67241982157c27de7f5a [none]
[debug] [2023-03-20T00:23:58.754Z] >>> [apiv2][body] POST https://upload-firebasehosting.googleapis.com/upload/sites/insa-challenge-ui/versions/2084eac3088d2742/files/639796b1879f864be24f7213f2abccef1b4a71f912ee67241982157c27de7f5a [stream]
[debug] [2023-03-20T00:23:58.755Z] >>> [apiv2][query] POST https://upload-firebasehosting.googleapis.com/upload/sites/insa-challenge-ui/versions/2084eac3088d2742/files/dd6acb0b725e38799ad7adf9385ae428be12e627e79bb6082d88c339ee2e1e95 [none]
[debug] [2023-03-20T00:23:58.755Z] >>> [apiv2][body] POST https://upload-firebasehosting.googleapis.com/upload/sites/insa-challenge-ui/versions/2084eac3088d2742/files/dd6acb0b725e38799ad7adf9385ae428be12e627e79bb6082d88c339ee2e1e95 [stream]
[debug] [2023-03-20T00:23:58.756Z] [hosting][populate queue][FINAL] {"max":937,"min":937,"avg":937,"active":0,"complete":1,"success":1,"errored":0,"retried":0,"total":1,"elapsed":941}
[debug] [2023-03-20T00:23:58.756Z] [hosting] uploads queued: 4
[debug] [2023-03-20T00:23:59.890Z] <<< [apiv2][status] POST https://upload-firebasehosting.googleapis.com/upload/sites/insa-challenge-ui/versions/2084eac3088d2742/files/29dc3c32e9b97176954e244a28f9182802fd2e17300373925f9a940322d00156 200
[debug] [2023-03-20T00:23:59.890Z] <<< [apiv2][body] POST https://upload-firebasehosting.googleapis.com/upload/sites/insa-challenge-ui/versions/2084eac3088d2742/files/29dc3c32e9b97176954e244a28f9182802fd2e17300373925f9a940322d00156 [stream]
[debug] [2023-03-20T00:23:59.983Z] <<< [apiv2][status] POST https://upload-firebasehosting.googleapis.com/upload/sites/insa-challenge-ui/versions/2084eac3088d2742/files/639796b1879f864be24f7213f2abccef1b4a71f912ee67241982157c27de7f5a 200
[debug] [2023-03-20T00:23:59.983Z] <<< [apiv2][body] POST https://upload-firebasehosting.googleapis.com/upload/sites/insa-challenge-ui/versions/2084eac3088d2742/files/639796b1879f864be24f7213f2abccef1b4a71f912ee67241982157c27de7f5a [stream]
[debug] [2023-03-20T00:24:00.115Z] <<< [apiv2][status] POST https://upload-firebasehosting.googleapis.com/upload/sites/insa-challenge-ui/versions/2084eac3088d2742/files/dd6acb0b725e38799ad7adf9385ae428be12e627e79bb6082d88c339ee2e1e95 200
[debug] [2023-03-20T00:24:00.115Z] <<< [apiv2][body] POST https://upload-firebasehosting.googleapis.com/upload/sites/insa-challenge-ui/versions/2084eac3088d2742/files/dd6acb0b725e38799ad7adf9385ae428be12e627e79bb6082d88c339ee2e1e95 [stream]
[debug] [2023-03-20T00:24:00.189Z] <<< [apiv2][status] POST https://upload-firebasehosting.googleapis.com/upload/sites/insa-challenge-ui/versions/2084eac3088d2742/files/61f2ec13ffc0da7460ed161eb85bdcbf7c89673f1ecf7d03dffb0f163627a99c 200
[debug] [2023-03-20T00:24:00.189Z] <<< [apiv2][body] POST https://upload-firebasehosting.googleapis.com/upload/sites/insa-challenge-ui/versions/2084eac3088d2742/files/61f2ec13ffc0da7460ed161eb85bdcbf7c89673f1ecf7d03dffb0f163627a99c [stream]
[debug] [2023-03-20T00:24:00.189Z] [hosting][upload queue][FINAL] {"max":1436,"min":1138,"avg":1291.5,"active":0,"complete":4,"success":4,"errored":0,"retried":0,"total":4,"elapsed":1437}
[info] +  hosting[insa-challenge-ui]: file upload complete 
[debug] [2023-03-20T00:24:00.191Z] [hosting] deploy completed after 2525ms
[debug] [2023-03-20T00:24:00.194Z] [
  {
    "config": {
      "public": "build",
      "ignore": [
        "firebase.json",
        "**/.*",
        "**/node_modules/**"
      ],
      "rewrites": [
        {
          "source": "**",
          "destination": "/index.html"
        }
      ],
      "site": "insa-challenge-ui"
    },
    "version": "projects/509717092323/sites/insa-challenge-ui/versions/2084eac3088d2742"
  }
]
[info] i  hosting[insa-challenge-ui]: finalizing version... 
[debug] [2023-03-20T00:24:00.196Z] >>> [apiv2][query] PATCH https://firebasehosting.googleapis.com/v1beta1/projects/-/sites/insa-challenge-ui/versions/2084eac3088d2742 updateMask=status%2Cconfig
[debug] [2023-03-20T00:24:00.196Z] >>> [apiv2][body] PATCH https://firebasehosting.googleapis.com/v1beta1/projects/-/sites/insa-challenge-ui/versions/2084eac3088d2742 {"status":"FINALIZED","config":{"rewrites":[{"glob":"**","path":"/index.html"}]}}
[debug] [2023-03-20T00:24:01.069Z] <<< [apiv2][status] PATCH https://firebasehosting.googleapis.com/v1beta1/projects/-/sites/insa-challenge-ui/versions/2084eac3088d2742 200
[debug] [2023-03-20T00:24:01.070Z] <<< [apiv2][body] PATCH https://firebasehosting.googleapis.com/v1beta1/projects/-/sites/insa-challenge-ui/versions/2084eac3088d2742 {"name":"projects/509717092323/sites/insa-challenge-ui/versions/2084eac3088d2742","status":"FINALIZED","config":{"rewrites":[{"glob":"**","path":"/index.html"}]},"labels":{"deployment-tool":"cli-firebase"},"createTime":"2023-03-20T00:23:56.100418Z","createUser":{"email":"NgocMinhK62@gmail.com"},"finalizeTime":"2023-03-20T00:23:59.835512Z","finalizeUser":{"email":"NgocMinhK62@gmail.com"}}
[debug] [2023-03-20T00:24:01.070Z] [hosting] finalized version for insa-challenge-ui:[object Object]
[info] +  hosting[insa-challenge-ui]: version finalized 
[info] i  hosting[insa-challenge-ui]: releasing new version... 
[debug] [2023-03-20T00:24:01.072Z] >>> [apiv2][query] POST https://firebasehosting.googleapis.com/v1beta1/projects/-/sites/insa-challenge-ui/channels/live/releases versionName=projects%2F509717092323%2Fsites%2Finsa-challenge-ui%2Fversions%2F2084eac3088d2742
[debug] [2023-03-20T00:24:01.072Z] >>> [apiv2][body] POST https://firebasehosting.googleapis.com/v1beta1/projects/-/sites/insa-challenge-ui/channels/live/releases {}
[debug] [2023-03-20T00:24:08.141Z] ----------------------------------------------------------------------
[debug] [2023-03-20T00:24:08.142Z] Command:       C:\Program Files\nodejs\node.exe C:\Users\bbbbb\AppData\Roaming\npm\node_modules\firebase-tools\lib\bin\firebase.js deploy --debug
[debug] [2023-03-20T00:24:08.143Z] CLI Version:   11.24.1
[debug] [2023-03-20T00:24:08.143Z] Platform:      win32
[debug] [2023-03-20T00:24:08.143Z] Node Version:  v18.12.1
[debug] [2023-03-20T00:24:08.143Z] Time:          Mon Mar 20 2023 01:24:08 GMT+0100 (Central European Standard Time)
[debug] [2023-03-20T00:24:08.144Z] ----------------------------------------------------------------------
[debug] 
[debug] [2023-03-20T00:24:08.187Z] > command requires scopes: ["email","openid","https://www.googleapis.com/auth/cloudplatformprojects.readonly","https://www.googleapis.com/auth/firebase","https://www.googleapis.com/auth/cloud-platform"]
[debug] [2023-03-20T00:24:08.188Z] > authorizing via signed-in user (ngocminhk62@gmail.com)
[debug] [2023-03-20T00:24:08.189Z] [iam] checking project insa-challenge-ui for permissions ["firebase.projects.get","firebasehosting.sites.update"]
[debug] [2023-03-20T00:24:08.191Z] >>> [apiv2][query] POST https://cloudresourcemanager.googleapis.com/v1/projects/insa-challenge-ui:testIamPermissions [none]
[debug] [2023-03-20T00:24:08.191Z] >>> [apiv2][(partial)header] POST https://cloudresourcemanager.googleapis.com/v1/projects/insa-challenge-ui:testIamPermissions x-goog-quota-user=projects/insa-challenge-ui
[debug] [2023-03-20T00:24:08.192Z] >>> [apiv2][body] POST https://cloudresourcemanager.googleapis.com/v1/projects/insa-challenge-ui:testIamPermissions {"permissions":["firebase.projects.get","firebasehosting.sites.update"]}
[debug] [2023-03-20T00:24:08.834Z] <<< [apiv2][status] POST https://cloudresourcemanager.googleapis.com/v1/projects/insa-challenge-ui:testIamPermissions 200
[debug] [2023-03-20T00:24:08.834Z] <<< [apiv2][body] POST https://cloudresourcemanager.googleapis.com/v1/projects/insa-challenge-ui:testIamPermissions {"permissions":["firebase.projects.get","firebasehosting.sites.update"]}
[debug] [2023-03-20T00:24:08.835Z] >>> [apiv2][query] GET https://firebase.googleapis.com/v1beta1/projects/insa-challenge-ui [none]
[debug] [2023-03-20T00:24:09.029Z] <<< [apiv2][status] GET https://firebase.googleapis.com/v1beta1/projects/insa-challenge-ui 200
[debug] [2023-03-20T00:24:09.029Z] <<< [apiv2][body] GET https://firebase.googleapis.com/v1beta1/projects/insa-challenge-ui {"projectId":"insa-challenge-ui","projectNumber":"509717092323","displayName":"INSA Challenge UI","name":"projects/insa-challenge-ui","resources":{"hostingSite":"insa-challenge-ui"},"state":"ACTIVE","etag":"1_9d030dc7-a273-4350-8e72-8ea2bebaa7bf"}
[info] 
[info] === Deploying to 'insa-challenge-ui'...
[info] 
[info] i  deploying hosting 
[debug] [2023-03-20T00:24:09.033Z] >>> [apiv2][query] POST https://firebasehosting.googleapis.com/v1beta1/projects/-/sites/insa-challenge-ui/versions [none]
[debug] [2023-03-20T00:24:09.033Z] >>> [apiv2][body] POST https://firebasehosting.googleapis.com/v1beta1/projects/-/sites/insa-challenge-ui/versions {"status":"CREATED","labels":{"deployment-tool":"cli-firebase"}}
[debug] [2023-03-20T00:24:10.087Z] <<< [apiv2][status] POST https://firebasehosting.googleapis.com/v1beta1/projects/-/sites/insa-challenge-ui/versions 200
[debug] [2023-03-20T00:24:10.088Z] <<< [apiv2][body] POST https://firebasehosting.googleapis.com/v1beta1/projects/-/sites/insa-challenge-ui/versions {"name":"projects/509717092323/sites/insa-challenge-ui/versions/383da88bd957e3f3","status":"CREATED","config":{},"labels":{"deployment-tool":"cli-firebase"}}
[info] i  hosting[insa-challenge-ui]: beginning deploy... 
[info] i  hosting[insa-challenge-ui]: found 17 files in build 
[debug] [2023-03-20T00:24:10.101Z] [hosting] uploading with 200 concurrency
[debug] [2023-03-20T00:24:10.104Z] [hosting] hash cache [YnVpbGQ] stored for 17 files
[debug] [2023-03-20T00:24:10.104Z] [hosting][hash queue][FINAL] {"max":1,"min":0,"avg":0,"active":0,"complete":17,"success":17,"errored":0,"retried":0,"total":17,"elapsed":2}
[debug] [2023-03-20T00:24:10.105Z] >>> [apiv2][query] POST https://firebasehosting.googleapis.com/v1beta1/projects/509717092323/sites/insa-challenge-ui/versions/383da88bd957e3f3:populateFiles [none]
[debug] [2023-03-20T00:24:10.105Z] >>> [apiv2][body] POST https://firebasehosting.googleapis.com/v1beta1/projects/509717092323/sites/insa-challenge-ui/versions/383da88bd957e3f3:populateFiles {"files":{"/asset-manifest.json":"29dc3c32e9b97176954e244a28f9182802fd2e17300373925f9a940322d00156","/favicon.ico":"eae62e993eb980ec8a25058c39d5a51feab118bd2100c4deebb2a9c158ec11f9","/index.html":"639796b1879f864be24f7213f2abccef1b4a71f912ee67241982157c27de7f5a","/logo192.png":"3ee59515172ee198f3be375979df15ac5345183e656720a381b8872b2a39dc8b","/logo512.png":"ee7e2f3fdb8209c4b6fd7bef6ba50d1b9dba30a25bb5c3126df057e1cb6f5331","/manifest.json":"aff3449bdc238776f5d6d967f19ec491b36aed5fb7f23ccff6500736fd58494a","/robots.txt":"bfe106a3fb878dc83461c86818bf74fc1bdc7f28538ba613cd3e775516ce8b49","/img/hunter.jpg":"f5062db5f99929b0b4390a2d54c3141cf1417f79ba51ef8d44f1bedeb6f9fea7","/img/witch.jpg":"db5e54c529313688cdb327bc8b0d352efded07d55a38d5bfc153d80c44a2d5fe","/static/css/main.a0482884.css":"b4abd1654da5ba7d45ae33fbedabb2ace8db7850f10fa51b38812df0ccd685d0","/static/css/main.a0482884.css.map":"f62cb53971c9955f2d0debfb53266a871a78986a415ad63b44efff8d16f3688d","/static/js/787.4b7ca5ec.chunk.js":"3659d766cd306becb396ae15b3aee932575ec0cf3bff0c25643773650ce4abfe","/static/js/787.4b7ca5ec.chunk.js.map":"07f95f80dfe9025a9f484f1e270fbcd734bee3d9d5a13952b81adf1691bbcb74","/static/js/main.d7f1843e.js":"61f2ec13ffc0da7460ed161eb85bdcbf7c89673f1ecf7d03dffb0f163627a99c","/static/js/main.d7f1843e.js.LICENSE.txt":"4cafa78563a097cf13ac666de80ecf09f56f33a9678706b53acd3c5f7af17010","/static/js/main.d7f1843e.js.map":"dd6acb0b725e38799ad7adf9385ae428be12e627e79bb6082d88c339ee2e1e95","/static/media/logo.6ce24c58023cc2f8fd88fe9d219db6c6.svg":"ac1a3d8899432561573d6a5cf56459437c09b902599a1deb91c0f8d4bb40459d"}}
[debug] [2023-03-20T00:24:10.974Z] <<< [apiv2][status] POST https://firebasehosting.googleapis.com/v1beta1/projects/509717092323/sites/insa-challenge-ui/versions/383da88bd957e3f3:populateFiles 200
[debug] [2023-03-20T00:24:10.974Z] <<< [apiv2][body] POST https://firebasehosting.googleapis.com/v1beta1/projects/509717092323/sites/insa-challenge-ui/versions/383da88bd957e3f3:populateFiles {"uploadUrl":"https://upload-firebasehosting.googleapis.com/upload/sites/insa-challenge-ui/versions/383da88bd957e3f3/files"}
[debug] [2023-03-20T00:24:10.974Z] [hosting][populate queue][FINAL] {"max":871,"min":871,"avg":871,"active":0,"complete":1,"success":1,"errored":0,"retried":0,"total":1,"elapsed":871}
[debug] [2023-03-20T00:24:10.975Z] [hosting] uploads queued: 0
[debug] [2023-03-20T00:24:10.975Z] [hosting][upload queue][FINAL] {"max":0,"min":9999999999,"avg":0,"active":0,"complete":0,"success":0,"errored":0,"retried":0,"total":0,"elapsed":1679271850975}
[info] i  hosting: upload complete 
[info] +  hosting[insa-challenge-ui]: file upload complete 
[debug] [2023-03-20T00:24:10.976Z] [hosting] deploy completed after 885ms
[debug] [2023-03-20T00:24:10.978Z] [
  {
    "config": {
      "public": "build",
      "ignore": [
        "firebase.json",
        "**/.*",
        "**/node_modules/**"
      ],
      "rewrites": [
        {
          "source": "**",
          "destination": "/index.html"
        }
      ],
      "site": "insa-challenge-ui"
    },
    "version": "projects/509717092323/sites/insa-challenge-ui/versions/383da88bd957e3f3"
  }
]
[info] i  hosting[insa-challenge-ui]: finalizing version... 
[debug] [2023-03-20T00:24:10.980Z] >>> [apiv2][query] PATCH https://firebasehosting.googleapis.com/v1beta1/projects/-/sites/insa-challenge-ui/versions/383da88bd957e3f3 updateMask=status%2Cconfig
[debug] [2023-03-20T00:24:10.980Z] >>> [apiv2][body] PATCH https://firebasehosting.googleapis.com/v1beta1/projects/-/sites/insa-challenge-ui/versions/383da88bd957e3f3 {"status":"FINALIZED","config":{"rewrites":[{"glob":"**","path":"/index.html"}]}}
[debug] [2023-03-20T00:24:11.873Z] <<< [apiv2][status] PATCH https://firebasehosting.googleapis.com/v1beta1/projects/-/sites/insa-challenge-ui/versions/383da88bd957e3f3 200
[debug] [2023-03-20T00:24:11.874Z] <<< [apiv2][body] PATCH https://firebasehosting.googleapis.com/v1beta1/projects/-/sites/insa-challenge-ui/versions/383da88bd957e3f3 {"name":"projects/509717092323/sites/insa-challenge-ui/versions/383da88bd957e3f3","status":"FINALIZED","config":{"rewrites":[{"glob":"**","path":"/index.html"}]},"labels":{"deployment-tool":"cli-firebase"},"createTime":"2023-03-20T00:24:08.569817Z","createUser":{"email":"NgocMinhK62@gmail.com"},"finalizeTime":"2023-03-20T00:24:10.638018Z","finalizeUser":{"email":"NgocMinhK62@gmail.com"}}
[debug] [2023-03-20T00:24:11.875Z] [hosting] finalized version for insa-challenge-ui:[object Object]
[info] +  hosting[insa-challenge-ui]: version finalized 
[info] i  hosting[insa-challenge-ui]: releasing new version... 
[debug] [2023-03-20T00:24:11.876Z] >>> [apiv2][query] POST https://firebasehosting.googleapis.com/v1beta1/projects/-/sites/insa-challenge-ui/channels/live/releases versionName=projects%2F509717092323%2Fsites%2Finsa-challenge-ui%2Fversions%2F383da88bd957e3f3
[debug] [2023-03-20T00:24:11.876Z] >>> [apiv2][body] POST https://firebasehosting.googleapis.com/v1beta1/projects/-/sites/insa-challenge-ui/channels/live/releases {}
[debug] [2023-03-20T00:24:12.784Z] <<< [apiv2][status] POST https://firebasehosting.googleapis.com/v1beta1/projects/-/sites/insa-challenge-ui/channels/live/releases 200
[debug] [2023-03-20T00:24:12.784Z] <<< [apiv2][body] POST https://firebasehosting.googleapis.com/v1beta1/projects/-/sites/insa-challenge-ui/channels/live/releases {"name":"projects/509717092323/sites/insa-challenge-ui/channels/live/releases/1679271850923000","version":{"name":"projects/509717092323/sites/insa-challenge-ui/versions/383da88bd957e3f3","status":"FINALIZED","config":{"rewrites":[{"glob":"**","path":"/index.html"}]},"labels":{"deployment-tool":"cli-firebase"},"createTime":"2023-03-20T00:24:08.569817Z","createUser":{"email":"NgocMinhK62@gmail.com","imageUrl":"https://lh3.googleusercontent.com/a/AGNmyxYpK9ibHjoNj6oNfP8GfF1Y_FEnuka_XfRPsqPc=mo"},"finalizeTime":"2023-03-20T00:24:10.638018Z","finalizeUser":{"email":"NgocMinhK62@gmail.com","imageUrl":"https://lh3.googleusercontent.com/a/AGNmyxYpK9ibHjoNj6oNfP8GfF1Y_FEnuka_XfRPsqPc=mo"}},"type":"DEPLOY","releaseTime":"2023-03-20T00:24:10.923Z","releaseUser":{"email":"NgocMinhK62@gmail.com","imageUrl":"https://lh3.googleusercontent.com/a/AGNmyxYpK9ibHjoNj6oNfP8GfF1Y_FEnuka_XfRPsqPc=mo"}}
[debug] [2023-03-20T00:24:12.785Z] [hosting] release: {"name":"projects/509717092323/sites/insa-challenge-ui/channels/live/releases/1679271850923000","version":{"name":"projects/509717092323/sites/insa-challenge-ui/versions/383da88bd957e3f3","status":"FINALIZED","config":{"rewrites":[{"glob":"**","path":"/index.html"}]},"labels":{"deployment-tool":"cli-firebase"},"createTime":"2023-03-20T00:24:08.569817Z","createUser":{"email":"NgocMinhK62@gmail.com","imageUrl":"https://lh3.googleusercontent.com/a/AGNmyxYpK9ibHjoNj6oNfP8GfF1Y_FEnuka_XfRPsqPc=mo"},"finalizeTime":"2023-03-20T00:24:10.638018Z","finalizeUser":{"email":"NgocMinhK62@gmail.com","imageUrl":"https://lh3.googleusercontent.com/a/AGNmyxYpK9ibHjoNj6oNfP8GfF1Y_FEnuka_XfRPsqPc=mo"}},"type":"DEPLOY","releaseTime":"2023-03-20T00:24:10.923Z","releaseUser":{"email":"NgocMinhK62@gmail.com","imageUrl":"https://lh3.googleusercontent.com/a/AGNmyxYpK9ibHjoNj6oNfP8GfF1Y_FEnuka_XfRPsqPc=mo"}}
[info] +  hosting[insa-challenge-ui]: release complete 
[info] 
[info] +  Deploy complete! 
[info] 
[info] Project Console: https://console.firebase.google.com/project/insa-challenge-ui/overview
[info] Hosting URL: https://insa-challenge-ui.web.app
